INFO:     Started server process [4716]
INFO:     Waiting for application startup.
INFO:     Started server process [4812]
INFO:     Waiting for application startup.
INFO:     Application startup complete.
INFO:     Uvicorn running on http://127.0.0.1:8000 (Press CTRL+C to quit)
INFO:     Started server process [4876]
INFO:     Waiting for application startup.
INFO:     Application startup complete.
INFO:     Uvicorn running on http://127.0.0.1:8001 (Press CTRL+C to quit)
INFO:     Started server process [4940]
INFO:     Waiting for application startup.
INFO:     Application startup complete.
INFO:     Uvicorn running on http://127.0.0.1:8002 (Press CTRL+C to quit)
INFO:     Started server process [5020]
INFO:     Waiting for application startup.
INFO:     Application startup complete.
INFO:     Uvicorn running on http://127.0.0.1:8003 (Press CTRL+C to quit)
INFO:     Started server process [5080]
INFO:     Waiting for application startup.
INFO:     Application startup complete.
INFO:     Uvicorn running on http://127.0.0.1:8004 (Press CTRL+C to quit)
INFO:     Started server process [4112]
INFO:     Waiting for application startup.
INFO:     Application startup complete.
INFO:     Uvicorn running on http://127.0.0.1:8005 (Press CTRL+C to quit)
INFO:     Started server process [4464]
INFO:     Waiting for application startup.
INFO:     Application startup complete.
INFO:     Uvicorn running on http://127.0.0.1:8006 (Press CTRL+C to quit)
INFO:     Started server process [3736]
INFO:     Waiting for application startup.
INFO:     Application startup complete.
INFO:     Uvicorn running on http://127.0.0.1:8007 (Press CTRL+C to quit)
INFO:     Started server process [1776]
INFO:     Waiting for application startup.
INFO:     Application startup complete.
INFO:     Uvicorn running on http://127.0.0.1:8008 (Press CTRL+C to quit)
INFO:     Started server process [4472]
INFO:     Waiting for application startup.
INFO:     Application startup complete.
INFO:     Uvicorn running on http://127.0.0.1:8009 (Press CTRL+C to quit)
INFO:     Started server process [4552]
INFO:     Waiting for application startup.
INFO:     Application startup complete.
INFO:     Uvicorn running on http://127.0.0.1:8010 (Press CTRL+C to quit)
INFO:     Started server process [4004]
INFO:     Waiting for application startup.
INFO:     Application startup complete.
INFO:     Uvicorn running on http://127.0.0.1:8011 (Press CTRL+C to quit)
INFO:     Started server process [1000]
INFO:     Waiting for application startup.
INFO:     Application startup complete.
INFO:     Uvicorn running on http://127.0.0.1:8012 (Press CTRL+C to quit)
INFO:     Started server process [2452]
INFO:     Waiting for application startup.
INFO:     Application startup complete.
INFO:     Uvicorn running on http://127.0.0.1:8013 (Press CTRL+C to quit)
INFO:     Started server process [2752]
INFO:     Waiting for application startup.
INFO:     Application startup complete.
INFO:     Uvicorn running on http://127.0.0.1:8014 (Press CTRL+C to quit)
INFO:     Started server process [4780]
INFO:     Waiting for application startup.
INFO:     Application startup complete.
INFO:     Uvicorn running on http://127.0.0.1:8015 (Press CTRL+C to quit)
INFO:     Started server process [460]
INFO:     Waiting for application startup.
INFO:     Application startup complete.
INFO:     Uvicorn running on http://127.0.0.1:8016 (Press CTRL+C to quit)
INFO:     Started server process [952]
INFO:     Waiting for application startup.
INFO:     Application startup complete.
INFO:     Uvicorn running on http://127.0.0.1:8017 (Press CTRL+C to quit)
INFO:     Started server process [1244]
INFO:     Waiting for application startup.
INFO:     Application startup complete.
INFO:     Uvicorn running on http://127.0.0.1:8018 (Press CTRL+C to quit)
INFO:     Started server process [1580]
INFO:     Waiting for application startup.
INFO:     Application startup complete.
INFO:     Uvicorn running on http://127.0.0.1:8019 (Press CTRL+C to quit)
INFO:     Application startup complete.
INFO:     Uvicorn running on http://0.0.0.0:9000 (Press CTRL+C to quit)
Exception in callback _ProactorBasePipeTransport._call_connection_lost(None)
handle: <Handle _ProactorBasePipeTransport._call_connection_lost(None)>
Traceback (most recent call last):
  File "C:\Users\Administrator\AppData\Local\Programs\Python\Python310\lib\asyncio\events.py", line 80, in _run
    self._context.run(self._callback, *self._args)
  File "C:\Users\Administrator\AppData\Local\Programs\Python\Python310\lib\asyncio\proactor_events.py", line 165, in _call_connection_lost
    self._sock.shutdown(socket.SHUT_RDWR)
ConnectionResetError: [WinError 10054] An existing connection was forcibly closed by the remote host
WARNING:  Invalid HTTP request received.
WARNING:  Invalid HTTP request received.
WARNING:  Invalid HTTP request received.
WARNING:  Invalid HTTP request received.
WARNING:  Invalid HTTP request received.
WARNING:  Invalid HTTP request received.
WARNING:  Invalid HTTP request received.
WARNING:  Invalid HTTP request received.
WARNING:  Invalid HTTP request received.
WARNING:  Invalid HTTP request received.
WARNING:  Invalid HTTP request received.
WARNING:  Invalid HTTP request received.
INFO:     Shutting down
INFO:     Shutting down
INFO:     Shutting down
INFO:     Shutting down
INFO:     Shutting down
INFO:     Shutting down
INFO:     Shutting down
INFO:     Shutting down
INFO:     Shutting down
INFO:     Shutting down
INFO:     Shutting down
INFO:     Shutting down
INFO:     Shutting down
INFO:     Shutting down
INFO:     Shutting down
INFO:     Shutting down
INFO:     Shutting down
INFO:     Shutting down
INFO:     Shutting down
INFO:     Waiting for application shutdown.
INFO:     Shutting down
INFO:     Waiting for application shutdown.
INFO:     Waiting for application shutdown.
INFO:     Waiting for application shutdown.
INFO:     Waiting for application shutdown.
INFO:     Waiting for application shutdown.
INFO:     Waiting for application shutdown.
INFO:     Application shutdown complete.
INFO:     Waiting for application shutdown.
INFO:     Waiting for application shutdown.
INFO:     Waiting for application shutdown.
INFO:     Waiting for application shutdown.
INFO:     Waiting for application shutdown.
INFO:     Application shutdown complete.
INFO:     Application shutdown complete.
INFO:     Application shutdown complete.
INFO:     Application shutdown complete.
INFO:     Application shutdown complete.
INFO:     Application shutdown complete.
INFO:     Finished server process [4780]
INFO:     Application shutdown complete.
INFO:     Application shutdown complete.
INFO:     Application shutdown complete.
INFO:     Waiting for application shutdown.
INFO:     Application shutdown complete.
INFO:     Application shutdown complete.
INFO:     Finished server process [4812]
INFO:     Finished server process [4112]
INFO:     Finished server process [1244]
INFO:     Finished server process [3736]
INFO:     Finished server process [2752]
INFO:     Finished server process [952]
INFO:     Finished server process [4004]
INFO:     Finished server process [4472]
INFO:     Finished server process [4464]
INFO:     Application shutdown complete.
INFO:     Finished server process [460]
INFO:     Finished server process [4876]
INFO:     Finished server process [2452]
INFO:     Waiting for application shutdown.
INFO:     Waiting for application shutdown.
INFO:     Waiting for application shutdown.
INFO:     Waiting for application shutdown.
INFO:     Waiting for application shutdown.
INFO:     Waiting for application shutdown.
INFO:     Waiting for application shutdown.
INFO:     Application shutdown complete.
INFO:     Application shutdown complete.
INFO:     Application shutdown complete.
INFO:     Application shutdown complete.
INFO:     Application shutdown complete.
INFO:     Application shutdown complete.
INFO:     Application shutdown complete.
INFO:     Finished server process [1776]
INFO:     Finished server process [4552]
INFO:     Finished server process [1000]
INFO:     Finished server process [5020]
INFO:     Finished server process [1580]
INFO:     Finished server process [5080]
INFO:     Finished server process [4940]
