INFO:     Started server process [916]
INFO:     Waiting for application startup.
INFO:     Application startup complete.
INFO:     Uvicorn running on http://0.0.0.0:9000 (Press CTRL+C to quit)
INFO:     Started server process [3620]
INFO:     Waiting for application startup.
INFO:     Application startup complete.
ERROR:    [Errno 10048] error while attempting to bind on address ('0.0.0.0', 8009): only one usage of each socket address (protocol/network address/port) is normally permitted
INFO:     Waiting for application shutdown.
INFO:     Application shutdown complete.
INFO:     Started server process [3908]
INFO:     Waiting for application startup.
INFO:     Application startup complete.
ERROR:    [Errno 10048] error while attempting to bind on address ('0.0.0.0', 8000): only one usage of each socket address (protocol/network address/port) is normally permitted
INFO:     Waiting for application shutdown.
INFO:     Application shutdown complete.
INFO:     Started server process [4784]
INFO:     Waiting for application startup.
INFO:     Application startup complete.
ERROR:    [Errno 10048] error while attempting to bind on address ('0.0.0.0', 8003): only one usage of each socket address (protocol/network address/port) is normally permitted
INFO:     Waiting for application shutdown.
INFO:     Application shutdown complete.
INFO:     Started server process [4932]
INFO:     Waiting for application startup.
INFO:     Application startup complete.
ERROR:    [Errno 10048] error while attempting to bind on address ('0.0.0.0', 8007): only one usage of each socket address (protocol/network address/port) is normally permitted
INFO:     Waiting for application shutdown.
INFO:     Application shutdown complete.
INFO:     Started server process [2464]
INFO:     Waiting for application startup.
INFO:     Started server process [3108]
INFO:     Started server process [5844]
INFO:     Waiting for application startup.
INFO:     Waiting for application startup.
INFO:     Started server process [5716]
INFO:     Waiting for application startup.
INFO:     Started server process [5700]
INFO:     Waiting for application startup.
INFO:     Started server process [5300]
INFO:     Waiting for application startup.
INFO:     Application startup complete.
INFO:     Application startup complete.
ERROR:    [Errno 10048] error while attempting to bind on address ('0.0.0.0', 8017): only one usage of each socket address (protocol/network address/port) is normally permitted
INFO:     Application startup complete.
INFO:     Application startup complete.
ERROR:    [Errno 10048] error while attempting to bind on address ('0.0.0.0', 8001): only one usage of each socket address (protocol/network address/port) is normally permitted
INFO:     Waiting for application shutdown.
ERROR:    [Errno 10048] error while attempting to bind on address ('0.0.0.0', 8014): only one usage of each socket address (protocol/network address/port) is normally permitted
INFO:     Application startup complete.
ERROR:    [Errno 10048] error while attempting to bind on address ('0.0.0.0', 8004): only one usage of each socket address (protocol/network address/port) is normally permitted
INFO:     Waiting for application shutdown.
INFO:     Application shutdown complete.
INFO:     Waiting for application shutdown.
INFO:     Application startup complete.
ERROR:    [Errno 10048] error while attempting to bind on address ('0.0.0.0', 8008): only one usage of each socket address (protocol/network address/port) is normally permitted
INFO:     Waiting for application shutdown.
INFO:     Application shutdown complete.
INFO:     Application shutdown complete.
INFO:     Waiting for application shutdown.
INFO:     Application shutdown complete.
INFO:     Started server process [4152]
INFO:     Waiting for application startup.
ERROR:    [Errno 10048] error while attempting to bind on address ('0.0.0.0', 8011): only one usage of each socket address (protocol/network address/port) is normally permitted
INFO:     Waiting for application shutdown.
INFO:     Application shutdown complete.
INFO:     Application shutdown complete.
INFO:     Application startup complete.
ERROR:    [Errno 10048] error while attempting to bind on address ('0.0.0.0', 8010): only one usage of each socket address (protocol/network address/port) is normally permitted
INFO:     Waiting for application shutdown.
INFO:     Application shutdown complete.
INFO:     Started server process [6288]
INFO:     Waiting for application startup.
INFO:     Application startup complete.
ERROR:    [Errno 10048] error while attempting to bind on address ('0.0.0.0', 8018): only one usage of each socket address (protocol/network address/port) is normally permitted
INFO:     Waiting for application shutdown.
INFO:     Application shutdown complete.
INFO:     Started server process [2476]
INFO:     Waiting for application startup.
INFO:     Started server process [7640]
INFO:     Started server process [7428]
INFO:     Waiting for application startup.
INFO:     Waiting for application startup.
INFO:     Application startup complete.
ERROR:    [Errno 10048] error while attempting to bind on address ('0.0.0.0', 8006): only one usage of each socket address (protocol/network address/port) is normally permitted
INFO:     Waiting for application shutdown.
INFO:     Application shutdown complete.
INFO:     Application startup complete.
INFO:     Application startup complete.
ERROR:    [Errno 10048] error while attempting to bind on address ('0.0.0.0', 8005): only one usage of each socket address (protocol/network address/port) is normally permitted
ERROR:    [Errno 10048] error while attempting to bind on address ('0.0.0.0', 8019): only one usage of each socket address (protocol/network address/port) is normally permitted
INFO:     Waiting for application shutdown.
INFO:     Waiting for application shutdown.
INFO:     Application shutdown complete.
INFO:     Application shutdown complete.
INFO:     Started server process [5920]
INFO:     Waiting for application startup.
INFO:     Application startup complete.
ERROR:    [Errno 10048] error while attempting to bind on address ('0.0.0.0', 8013): only one usage of each socket address (protocol/network address/port) is normally permitted
INFO:     Waiting for application shutdown.
INFO:     Application shutdown complete.
INFO:     Started server process [6856]
INFO:     Waiting for application startup.
INFO:     Application startup complete.
ERROR:    [Errno 10048] error while attempting to bind on address ('0.0.0.0', 8012): only one usage of each socket address (protocol/network address/port) is normally permitted
INFO:     Waiting for application shutdown.
INFO:     Application shutdown complete.
INFO:     Started server process [2556]
INFO:     Waiting for application startup.
INFO:     Started server process [3764]
INFO:     Application startup complete.
INFO:     Waiting for application startup.
ERROR:    [Errno 10048] error while attempting to bind on address ('0.0.0.0', 8002): only one usage of each socket address (protocol/network address/port) is normally permitted
INFO:     Application startup complete.
INFO:     Waiting for application shutdown.
ERROR:    [Errno 10048] error while attempting to bind on address ('0.0.0.0', 8016): only one usage of each socket address (protocol/network address/port) is normally permitted
INFO:     Application shutdown complete.
INFO:     Waiting for application shutdown.
INFO:     Application shutdown complete.
INFO:     Started server process [2136]
INFO:     Waiting for application startup.
INFO:     Application startup complete.
ERROR:    [Errno 10048] error while attempting to bind on address ('0.0.0.0', 8015): only one usage of each socket address (protocol/network address/port) is normally permitted
INFO:     Waiting for application shutdown.
INFO:     Application shutdown complete.
WARNING:  Invalid HTTP request received.
WARNING:  Invalid HTTP request received.
WARNING:  Invalid HTTP request received.
WARNING:  Invalid HTTP request received.
WARNING:  Invalid HTTP request received.
WARNING:  Invalid HTTP request received.
WARNING:  Invalid HTTP request received.
WARNING:  Invalid HTTP request received.
WARNING:  Invalid HTTP request received.
